<?xml version="1.0" encoding="UTF-8" ?>
<testsuite tests="3" failures="0" name="com.test.writer.UpperCaseConverterTest" time="0" errors="0" skipped="0">
  <properties>
[...]
</properties>
  <testcase classname="com.test.writer.UpperCaseConverterTest" name="upperCaseConverterCheckFile" time="0"/>
  <testcase classname="com.test.writer.UpperCaseConverterTest" name="upperCaseConverterCheckString" time="0"/>
  <testcase classname="com.test.writer.UpperCaseConverterTest" name="upperCaseConverterCheckStringCLose" time="0"/>
</testsuite>